<?xml version="1.0" encoding="UTF-8"?>
<testsuite xmlns:xsi="http://www.w3.org/2001/XMLSchema-instance" xsi:noNamespaceSchemaLocation="https://maven.apache.org/surefire/maven-surefire-plugin/xsd/surefire-test-report.xsd" version="3.0.2" name="com.example.Pr16.Project16V2ApplicationTests" time="1.229" tests="1" errors="0" skipped="0" failures="0">
  <properties>
[...]
</properties>
  <testcase name="contextLoads" classname="com.example.Pr16.Project16V2ApplicationTests" time="0.424">
    <system-out><![CDATA[17:10:31.135 [main] INFO org.springframework.test.context.support.AnnotationConfigContextLoaderUtils -- Could not detect default configuration classes for test class [com.example.Pr16.Project16V2ApplicationTests]: Project16V2ApplicationTests does not declare any static, non-private, non-final, nested classes annotated with @Configuration.
17:10:31.181 [main] INFO org.springframework.boot.test.context.SpringBootTestContextBootstrapper -- Found @SpringBootConfiguration com.example.Pr16.Pr16 for test class com.example.Pr16.Project16V2ApplicationTests
17:10:31.248 [main] INFO org.springframework.boot.devtools.restart.RestartApplicationListener -- Restart disabled due to context in which it is running

  .   ____          _            __ _ _
 /\\ / ___'_ __ _ _(_)_ __  __ _ \ \ \ \
( ( )\___ | '_ | '_| | '_ \/ _` | \ \ \ \
 \\/  ___)| |_)| | | | | || (_| |  ) ) ) )
  '  |____| .__|_| |_|_| |_\__, | / / / /
 =========|_|==============|___/=/_/_/_/

 :: Spring Boot ::                (v3.4.0)

2024-12-18T17:10:31.356+03:00  INFO 8782 --- [Pr16] [           main] c.e.Pr16.Project16V2ApplicationTests     : Starting Project16V2ApplicationTests using Java 23.0.1 with PID 8782 (started by gwynbleidd in /Users/gwynbleidd/Desktop/Pr16)
2024-12-18T17:10:31.357+03:00  INFO 8782 --- [Pr16] [           main] c.e.Pr16.Project16V2ApplicationTests     : No active profile set, falling back to 1 default profile: "default"
2024-12-18T17:10:31.846+03:00  INFO 8782 --- [Pr16] [           main] c.e.Pr16.Project16V2ApplicationTests     : Started Project16V2ApplicationTests in 0.604 seconds (process running for 1.037)
]]></system-out>
    <system-err><![CDATA[Mockito is currently self-attaching to enable the inline-mock-maker. This will no longer work in future releases of the JDK. Please add Mockito as an agent to your build what is described in Mockito's documentation: https://javadoc.io/doc/org.mockito/mockito-core/latest/org/mockito/Mockito.html#0.3
WARNING: A Java agent has been loaded dynamically (/Users/gwynbleidd/.m2/repository/net/bytebuddy/byte-buddy-agent/1.15.10/byte-buddy-agent-1.15.10.jar)
WARNING: If a serviceability tool is in use, please run with -XX:+EnableDynamicAgentLoading to hide this warning
WARNING: If a serviceability tool is not in use, please run with -Djdk.instrument.traceUsage for more information
WARNING: Dynamic loading of agents will be disallowed by default in a future release
]]></system-err>
  </testcase>
</testsuite>